GeoPhotoProjec/platforms/android/app/build/outputs/logs/manifest-merger-F0-F1-debug-report.txt
-- Merging decision tree log ---
manifest
ADDED from src\main\AndroidManifest.xml:2:1-20:12
	package
		ADDED from src\main\AndroidManifest.xml:3:64-105
		INJECTED from src\main\AndroidManifest.xml
		INJECTED from src\F0\AndroidManifest.xml
	android:versionName
		ADDED from src\main\AndroidManifest.xml:3:130-155
		INJECTED from src\main\AndroidManifest.xml
		ADDED from src\main\AndroidManifest.xml:3:130-155
		INJECTED from src\F0\AndroidManifest.xml
	android:versionCode
		ADDED from src\main\AndroidManifest.xml:3:106-129
		INJECTED from src\main\AndroidManifest.xml
		ADDED from src\main\AndroidManifest.xml:3:106-129
		INJECTED from src\F0\AndroidManifest.xml
	xmlns:android
		ADDED from src\main\AndroidManifest.xml:3:5-63
supports-screens
ADDED from src\main\AndroidManifest.xml:4:5-139
	android:largeScreens
		ADDED from src\main\AndroidManifest.xml:4:80-107
	android:smallScreens
		ADDED from src\main\AndroidManifest.xml:4:23-50
	android:normalScreens
		ADDED from src\main\AndroidManifest.xml:4:51-79
	android:xlargeScreens
		ADDED from src\main\AndroidManifest.xml:4:108-136
uses-sdk
ADDED from src\main\AndroidManifest.xml:5:5-74
MERGED from [com.google.android.gms:play-services-location:11.4.0] AndroidManifest.xml:3:5-43
MERGED from [com.google.android.gms:play-services-base:11.4.0] AndroidManifest.xml:17:5-43
MERGED from [com.google.android.gms:play-services-tasks:11.4.0] AndroidManifest.xml:3:5-43
MERGED from [com.google.android.gms:play-services-basement:11.4.0] AndroidManifest.xml:17:5-43
MERGED from [com.mapbox.mapboxsdk:mapbox-android-services:2.2.9] AndroidManifest.xml:7:5-9:41
MERGED from [com.mapzen.android:lost:3.0.4] AndroidManifest.xml:5:5-7:41
MERGED from [com.mapbox.mapboxsdk:mapbox-android-plugin-locationlayer:0.3.0] AndroidManifest.xml:6:5-8:41
MERGED from [com.mapbox.mapboxsdk:mapbox-android-sdk:5.3.1] AndroidManifest.xml:6:5-9:51
MERGED from [com.mapbox.mapboxsdk:mapbox-android-telemetry:2.2.9] AndroidManifest.xml:8:5-11:51
MERGED from [com.jakewharton.timber:timber:4.6.0] AndroidManifest.xml:6:5-43
MERGED from [:nativescript-optimized:] AndroidManifest.xml:7:5-9:41
MERGED from [:widgets-release:] AndroidManifest.xml:7:5-9:41
MERGED from [com.android.support:design:26.0.0-alpha1] AndroidManifest.xml:21:5-23:62
MERGED from [com.android.support:appcompat-v7:27.0.2] AndroidManifest.xml:20:5-44
MERGED from [com.android.support:animated-vector-drawable:27.0.2] AndroidManifest.xml:20:5-44
MERGED from [com.android.support:support-vector-drawable:27.0.2] AndroidManifest.xml:20:5-44
MERGED from [com.android.support:recyclerview-v7:26.0.0-alpha1] AndroidManifest.xml:20:5-44
MERGED from [com.android.support:transition:26.0.0-alpha1] AndroidManifest.xml:20:5-44
MERGED from [com.android.support:support-v4:26.0.0-alpha1] AndroidManifest.xml:21:5-23:54
MERGED from [com.android.support:support-media-compat:26.0.0-alpha1] AndroidManifest.xml:21:5-23:63
MERGED from [com.android.support:support-fragment:27.0.2] AndroidManifest.xml:20:5-44
MERGED from [com.android.support:support-core-ui:27.0.2] AndroidManifest.xml:20:5-44
MERGED from [com.android.support:support-core-utils:27.0.2] AndroidManifest.xml:20:5-44
MERGED from [com.android.support:support-compat:27.0.2] AndroidManifest.xml:20:5-44
MERGED from [android.arch.lifecycle:runtime:1.0.3] AndroidManifest.xml:20:5-22:41
	tools:overrideLibrary
		ADDED from [com.mapbox.mapboxsdk:mapbox-android-sdk:5.3.1] AndroidManifest.xml:9:9-48
	android:targetSdkVersion
		ADDED from src\main\AndroidManifest.xml:5:42-71
		INJECTED from src\main\AndroidManifest.xml
		INJECTED from src\F0\AndroidManifest.xml
	android:minSdkVersion
		ADDED from src\main\AndroidManifest.xml:5:15-41
		INJECTED from src\main\AndroidManifest.xml
		INJECTED from src\F0\AndroidManifest.xml
uses-permission#android.permission.ACCESS_FINE_LOCATION
ADDED from src\main\AndroidManifest.xml:6:5-79
MERGED from src\F1\AndroidManifest.xml:6:3-76
MERGED from src\main\AndroidManifest.xml:6:5-79
MERGED from [com.mapbox.mapboxsdk:mapbox-android-services:2.2.9] AndroidManifest.xml:11:5-79
	android:name
		ADDED from src\main\AndroidManifest.xml:6:22-76
uses-permission#android.permission.INTERNET
ADDED from src\main\AndroidManifest.xml:7:5-67
MERGED from [com.mapbox.mapboxsdk:mapbox-android-services:2.2.9] AndroidManifest.xml:12:5-67
MERGED from [com.mapbox.mapboxsdk:mapbox-android-sdk:5.3.1] AndroidManifest.xml:21:5-67
	android:name
		ADDED from src\main\AndroidManifest.xml:7:22-64
uses-permission#android.permission.READ_EXTERNAL_STORAGE
ADDED from src\main\AndroidManifest.xml:8:5-80
	android:name
		ADDED from src\main\AndroidManifest.xml:8:22-77
uses-permission#android.permission.WRITE_EXTERNAL_STORAGE
ADDED from src\main\AndroidManifest.xml:9:5-81
	android:name
		ADDED from src\main\AndroidManifest.xml:9:22-78
application
ADDED from src\main\AndroidManifest.xml:10:5-19:19
MERGED from src\main\AndroidManifest.xml:10:5-19:19
MERGED from [com.google.android.gms:play-services-location:11.4.0] AndroidManifest.xml:4:5-19
MERGED from [com.google.android.gms:play-services-base:11.4.0] AndroidManifest.xml:18:5-20:19
MERGED from [com.google.android.gms:play-services-tasks:11.4.0] AndroidManifest.xml:4:5-19
MERGED from [com.google.android.gms:play-services-basement:11.4.0] AndroidManifest.xml:19:5-21:19
MERGED from [com.mapzen.android:lost:3.0.4] AndroidManifest.xml:21:5-32:19
MERGED from [com.mapbox.mapboxsdk:mapbox-android-sdk:5.3.1] AndroidManifest.xml:25:5-29:19
MERGED from [com.jakewharton.timber:timber:4.6.0] AndroidManifest.xml:8:5-20
MERGED from [:widgets-release:] AndroidManifest.xml:11:5-12:19
MERGED from [com.android.support:design:26.0.0-alpha1] AndroidManifest.xml:29:5-20
MERGED from [com.android.support:transition:26.0.0-alpha1] AndroidManifest.xml:26:5-20
MERGED from [com.android.support:support-v4:26.0.0-alpha1] AndroidManifest.xml:29:5-20
MERGED from [com.android.support:support-media-compat:26.0.0-alpha1] AndroidManifest.xml:29:5-20
	android:label
		ADDED from src\main\AndroidManifest.xml:10:122-154
		ADDED from src\main\AndroidManifest.xml:10:122-154
	android:allowBackup
		ADDED from src\main\AndroidManifest.xml:10:65-91
		ADDED from src\main\AndroidManifest.xml:10:65-91
	android:icon
		ADDED from src\main\AndroidManifest.xml:10:92-121
		ADDED from src\main\AndroidManifest.xml:10:92-121
	android:theme
		ADDED from src\main\AndroidManifest.xml:10:155-186
		ADDED from src\main\AndroidManifest.xml:10:155-186
	android:name
		ADDED from src\main\AndroidManifest.xml:10:18-64
		ADDED from src\main\AndroidManifest.xml:10:18-64
activity#com.tns.NativeScriptActivity
ADDED from src\main\AndroidManifest.xml:11:9-17:20
	android:label
		ADDED from src\main\AndroidManifest.xml:11:63-108
	android:configChanges
		ADDED from src\main\AndroidManifest.xml:11:109-170
	android:theme
		ADDED from src\main\AndroidManifest.xml:11:171-211
	android:name
		ADDED from src\main\AndroidManifest.xml:11:19-62
meta-data#SET_THEME_ON_LAUNCH
ADDED from src\main\AndroidManifest.xml:12:13-96
	android:resource
		ADDED from src\main\AndroidManifest.xml:12:59-93
	android:name
		ADDED from src\main\AndroidManifest.xml:12:24-58
intent-filter#android.intent.action.MAIN+android.intent.category.LAUNCHER
ADDED from src\main\AndroidManifest.xml:13:13-16:29
action#android.intent.action.MAIN
ADDED from src\main\AndroidManifest.xml:14:17-69
	android:name
		ADDED from src\main\AndroidManifest.xml:14:25-66
category#android.intent.category.LAUNCHER
ADDED from src\main\AndroidManifest.xml:15:17-77
	android:name
		ADDED from src\main\AndroidManifest.xml:15:27-74
activity#com.tns.ErrorReportActivity
ADDED from src\main\AndroidManifest.xml:18:9-64
	android:name
		ADDED from src\main\AndroidManifest.xml:18:19-61
uses-permission#android.permission.ACCESS_COARSE_LOCATION
ADDED from src\F1\AndroidManifest.xml:5:3-78
	android:name
		ADDED from src\F1\AndroidManifest.xml:5:20-76
activity#com.google.android.gms.common.api.GoogleApiActivity
ADDED from [com.google.android.gms:play-services-base:11.4.0] AndroidManifest.xml:19:9-172
	android:exported
		ADDED from [com.google.android.gms:play-services-base:11.4.0] AndroidManifest.xml:19:146-170
	android:theme
		ADDED from [com.google.android.gms:play-services-base:11.4.0] AndroidManifest.xml:19:86-145
	android:name
		ADDED from [com.google.android.gms:play-services-base:11.4.0] AndroidManifest.xml:19:19-85
meta-data#com.google.android.gms.version
ADDED from [com.google.android.gms:play-services-basement:11.4.0] AndroidManifest.xml:20:9-121
	android:value
		ADDED from [com.google.android.gms:play-services-basement:11.4.0] AndroidManifest.xml:20:66-119
	android:name
		ADDED from [com.google.android.gms:play-services-basement:11.4.0] AndroidManifest.xml:20:20-65
uses-feature#android.hardware.sensor.accelerometer
ADDED from [com.mapzen.android:lost:3.0.4] AndroidManifest.xml:9:5-11:36
	android:required
		ADDED from [com.mapzen.android:lost:3.0.4] AndroidManifest.xml:11:9-33
	android:name
		ADDED from [com.mapzen.android:lost:3.0.4] AndroidManifest.xml:10:9-61
uses-feature#android.hardware.location
ADDED from [com.mapzen.android:lost:3.0.4] AndroidManifest.xml:12:5-62
	android:name
		ADDED from [com.mapzen.android:lost:3.0.4] AndroidManifest.xml:12:19-59
uses-feature#android.hardware.location.gps
ADDED from [com.mapzen.android:lost:3.0.4] AndroidManifest.xml:13:5-15:36
MERGED from [com.mapbox.mapboxsdk:mapbox-android-sdk:5.3.1] AndroidManifest.xml:17:5-19:36
	android:required
		ADDED from [com.mapzen.android:lost:3.0.4] AndroidManifest.xml:15:9-33
	android:name
		ADDED from [com.mapzen.android:lost:3.0.4] AndroidManifest.xml:14:9-53
uses-feature#android.hardware.telephony
ADDED from [com.mapzen.android:lost:3.0.4] AndroidManifest.xml:16:5-18:36
	android:required
		ADDED from [com.mapzen.android:lost:3.0.4] AndroidManifest.xml:18:9-33
	android:name
		ADDED from [com.mapzen.android:lost:3.0.4] AndroidManifest.xml:17:9-50
uses-feature#android.hardware.wifi
ADDED from [com.mapzen.android:lost:3.0.4] AndroidManifest.xml:19:5-58
MERGED from [com.mapbox.mapboxsdk:mapbox-android-sdk:5.3.1] AndroidManifest.xml:14:5-16:36
	android:name
		ADDED from [com.mapzen.android:lost:3.0.4] AndroidManifest.xml:19:19-55
service#com.mapzen.android.lost.internal.FusedLocationProviderService
ADDED from [com.mapzen.android:lost:3.0.4] AndroidManifest.xml:22:9-24:39
	android:process
		ADDED from [com.mapzen.android:lost:3.0.4] AndroidManifest.xml:24:13-36
	android:name
		ADDED from [com.mapzen.android:lost:3.0.4] AndroidManifest.xml:23:13-89
service#com.mapzen.android.lost.internal.GeofencingIntentService
ADDED from [com.mapzen.android:lost:3.0.4] AndroidManifest.xml:25:9-29:19
	android:name
		ADDED from [com.mapzen.android:lost:3.0.4] AndroidManifest.xml:25:18-89
intent-filter#com.mapzen.lost.action.ACTION_GEOFENCING_SERVICE
ADDED from [com.mapzen.android:lost:3.0.4] AndroidManifest.xml:26:13-28:29
action#com.mapzen.lost.action.ACTION_GEOFENCING_SERVICE
ADDED from [com.mapzen.android:lost:3.0.4] AndroidManifest.xml:27:17-91
	android:name
		ADDED from [com.mapzen.android:lost:3.0.4] AndroidManifest.xml:27:25-88
service#com.mapzen.android.lost.internal.DwellIntentService
ADDED from [com.mapzen.android:lost:3.0.4] AndroidManifest.xml:30:9-31:19
	android:name
		ADDED from [com.mapzen.android:lost:3.0.4] AndroidManifest.xml:30:18-84
uses-feature#0x00020000
ADDED from [com.mapbox.mapboxsdk:mapbox-android-sdk:5.3.1] AndroidManifest.xml:11:5-13:35
	android:glEsVersion
		ADDED from [com.mapbox.mapboxsdk:mapbox-android-sdk:5.3.1] AndroidManifest.xml:12:9-41
	android:required
		ADDED from [com.mapbox.mapboxsdk:mapbox-android-sdk:5.3.1] AndroidManifest.xml:13:9-32
uses-permission#android.permission.ACCESS_NETWORK_STATE
ADDED from [com.mapbox.mapboxsdk:mapbox-android-sdk:5.3.1] AndroidManifest.xml:22:5-79
	android:name
		ADDED from [com.mapbox.mapboxsdk:mapbox-android-sdk:5.3.1] AndroidManifest.xml:22:22-76
uses-permission#android.permission.ACCESS_WIFI_STATE
ADDED from [com.mapbox.mapboxsdk:mapbox-android-sdk:5.3.1] AndroidManifest.xml:23:5-76
	android:name
		ADDED from [com.mapbox.mapboxsdk:mapbox-android-sdk:5.3.1] AndroidManifest.xml:23:22-73
service#com.mapbox.services.android.telemetry.service.TelemetryService
MERGED from [com.mapbox.mapboxsdk:mapbox-android-sdk:5.3.1] AndroidManifest.xml:28:9-98
meta-data#android.support.VERSION
ADDED from [com.android.support:design:26.0.0-alpha1] AndroidManifest.xml:25:5-27:41
MERGED from [com.android.support:recyclerview-v7:26.0.0-alpha1] AndroidManifest.xml:22:5-24:41
MERGED from [com.android.support:transition:26.0.0-alpha1] AndroidManifest.xml:22:5-24:41
MERGED from [com.android.support:support-v4:26.0.0-alpha1] AndroidManifest.xml:25:5-27:41
MERGED from [com.android.support:support-media-compat:26.0.0-alpha1] AndroidManifest.xml:25:5-27:41
	android:value
		ADDED from [com.android.support:design:26.0.0-alpha1] AndroidManifest.xml:27:9-38
	android:name
		ADDED from [com.android.support:design:26.0.0-alpha1] AndroidManifest.xml:26:9-47